  main.cpp
c:\499drive\critic2\src\client\matrix_math.cpp(91): warning C4244: 'initializing': conversion from 'double' to 'float', possible loss of data
c:\499drive\critic2\src\client\matrix_math.cpp(91): warning C4244: 'initializing': conversion from 'double' to 'const float', possible loss of data
c:\499drive\critic2\src\client\matrix_math.cpp(92): warning C4244: 'initializing': conversion from 'double' to 'float', possible loss of data
c:\499drive\critic2\src\client\matrix_math.cpp(92): warning C4244: 'initializing': conversion from 'double' to 'const float', possible loss of data
c:\499drive\critic2\src\client\matrix_math.cpp(93): warning C4244: 'initializing': conversion from 'double' to 'float', possible loss of data
c:\499drive\critic2\src\client\matrix_math.cpp(93): warning C4244: 'initializing': conversion from 'double' to 'const float', possible loss of data
c:\499drive\critic2\src\client\matrix_math.cpp(140): warning C4244: 'argument': conversion from 'double' to 'float', possible loss of data
c:\499drive\critic2\src\client\matrix_math.cpp(292): warning C4996: 'sscanf': This function or variable may be unsafe. Consider using sscanf_s instead. To disable deprecation, use _CRT_SECURE_NO_WARNINGS. See online help for details.
  c:\program files (x86)\windows kits\10\include\10.0.10240.0\ucrt\stdio.h(2254): note: see declaration of 'sscanf'
c:\499drive\critic2\src\client\matrix_math.cpp(317): warning C4996: 'sscanf': This function or variable may be unsafe. Consider using sscanf_s instead. To disable deprecation, use _CRT_SECURE_NO_WARNINGS. See online help for details.
  c:\program files (x86)\windows kits\10\include\10.0.10240.0\ucrt\stdio.h(2254): note: see declaration of 'sscanf'
c:\499drive\critic2\src\client\main.cpp(24): warning C4996: 'sprintf': This function or variable may be unsafe. Consider using sprintf_s instead. To disable deprecation, use _CRT_SECURE_NO_WARNINGS. See online help for details.
  c:\program files (x86)\windows kits\10\include\10.0.10240.0\ucrt\stdio.h(1769): note: see declaration of 'sprintf'
c:\499drive\critic2\src\client\main.cpp(30): warning C4996: 'sprintf': This function or variable may be unsafe. Consider using sprintf_s instead. To disable deprecation, use _CRT_SECURE_NO_WARNINGS. See online help for details.
  c:\program files (x86)\windows kits\10\include\10.0.10240.0\ucrt\stdio.h(1769): note: see declaration of 'sprintf'
c:\499drive\critic2\src\client\main.cpp(36): warning C4996: 'sprintf': This function or variable may be unsafe. Consider using sprintf_s instead. To disable deprecation, use _CRT_SECURE_NO_WARNINGS. See online help for details.
  c:\program files (x86)\windows kits\10\include\10.0.10240.0\ucrt\stdio.h(1769): note: see declaration of 'sprintf'
c:\499drive\critic2\src\client\main.cpp(211): warning C4244: '+=': conversion from 'double' to 'float', possible loss of data
c:\499drive\critic2\src\client\main.cpp(209): warning C4100: 'xoffset': unreferenced formal parameter
c:\499drive\critic2\src\client\main.cpp(209): warning C4100: 'window': unreferenced formal parameter
c:\499drive\critic2\src\client\main.cpp(298): warning C4244: '=': conversion from 'double' to 'float', possible loss of data
c:\499drive\critic2\src\client\main.cpp(299): warning C4244: '=': conversion from 'double' to 'float', possible loss of data
c:\499drive\critic2\src\client\main.cpp(300): warning C4244: '=': conversion from 'double' to 'float', possible loss of data
c:\499drive\critic2\src\client\main.cpp(310): warning C4456: declaration of 'x' hides previous local declaration
  c:\499drive\critic2\src\client\main.cpp(285): note: see declaration of 'x'
c:\499drive\critic2\src\client\main.cpp(310): warning C4018: '<': signed/unsigned mismatch
c:\499drive\critic2\src\client\main.cpp(288): warning C4101: 'atomName': unreferenced local variable
c:\499drive\critic2\src\client\main.cpp(341): warning C4100: 'vertexLocation': unreferenced formal parameter
c:\499drive\critic2\src\client\main.cpp(406): warning C4018: '<': signed/unsigned mismatch
c:\499drive\critic2\src\client\main.cpp(412): warning C4100: 'p': unreferenced formal parameter
c:\499drive\critic2\src\client\main.cpp(441): warning C4996: 'sprintf': This function or variable may be unsafe. Consider using sprintf_s instead. To disable deprecation, use _CRT_SECURE_NO_WARNINGS. See online help for details.
  c:\program files (x86)\windows kits\10\include\10.0.10240.0\ucrt\stdio.h(1769): note: see declaration of 'sprintf'
c:\499drive\critic2\src\client\main.cpp(491): warning C4018: '<': signed/unsigned mismatch
c:\499drive\critic2\src\client\main.cpp(505): warning C4018: '<': signed/unsigned mismatch
c:\499drive\critic2\src\client\main.cpp(506): warning C4389: '!=': signed/unsigned mismatch
c:\499drive\critic2\src\client\main.cpp(655): warning C4244: '+=': conversion from 'double' to 'float', possible loss of data
c:\499drive\critic2\src\client\main.cpp(656): warning C4244: '+=': conversion from 'double' to 'float', possible loss of data
c:\499drive\critic2\src\client\main.cpp(652): warning C4189: 'camZoomFactor': local variable is initialized but not referenced
c:\499drive\critic2\src\client\main.cpp(91): warning C4505: 'LightingShader': unreferenced local function has been removed
c:\499drive\critic2\src\client\main.cpp(25): warning C4172: returning address of local variable or temporary: buffer
c:\499drive\critic2\src\client\main.cpp(37): warning C4172: returning address of local variable or temporary: buffer
c:\499drive\critic2\src\client\main.cpp(31): warning C4172: returning address of local variable or temporary: buffer
c:\499drive\critic2\src\client\main.cpp(330): warning C4172: returning address of local variable or temporary: col
c:\499drive\critic2\src\client\main.cpp(333): warning C4172: returning address of local variable or temporary: col
c:\499drive\critic2\src\client\main.cpp(336): warning C4172: returning address of local variable or temporary: col
glfw3.lib(init.obj) : warning LNK4217: locally defined symbol _vsnprintf imported in function __glfwInputError
MSVCRTD.lib(vsnprintf.obj) : warning LNK4049: locally defined symbol _vsnprintf imported
glfw3.lib(context.obj) : warning LNK4217: locally defined symbol _sscanf imported in function _parseVersionString
MSVCRTD.lib(vsnprintf.obj) : warning LNK4049: locally defined symbol __vsnprintf imported
interface.o : error LNK2019: unresolved external symbol ___struct_basic_MOD___vtab_struct_basic_Crystal referenced in function _share_bond
interface.o : error LNK2019: unresolved external symbol ___struct_basic_MOD_cr referenced in function _share_bond
interface.o : error LNK2019: unresolved external symbol ___tools_io_MOD_uout referenced in function _call_crystal
interface.o : error LNK2019: unresolved external symbol ___global_MOD_refden referenced in function _call_crystal
interface.o : error LNK2019: unresolved external symbol ___fields_MOD_nprops referenced in function _call_crystal
interface.o : error LNK2019: unresolved external symbol ___fields_MOD_integ_prop referenced in function _call_crystal
interface.o : error LNK2019: unresolved external symbol ___fields_MOD_f referenced in function _call_crystal
interface.o : error LNK2019: unresolved external symbol ___global_MOD_gradient_mode referenced in function _call_crystal
interface.o : error LNK2019: unresolved external symbol ___global_MOD_int_radquad_errprop_default referenced in function _call_crystal
interface.o : error LNK2019: unresolved external symbol ___global_MOD_int_radquad_errprop referenced in function _call_crystal
interface.o : error LNK2019: unresolved external symbol ___global_MOD_fileroot referenced in function _initialize
interface.o : error LNK2019: unresolved external symbol __F.global_MOD_fileroot referenced in function _initialize
interface.o : error LNK2019: unresolved external symbol ___struct_basic_MOD_find_asterisms referenced in function _share_bond
interface.o : error LNK2019: unresolved external symbol __gfortran_runtime_error referenced in function _share_bond
interface.o : error LNK2019: unresolved external symbol __gfortran_runtime_error_at referenced in function _share_bond
interface.o : error LNK2019: unresolved external symbol __gfortran_os_error referenced in function _share_bond
interface.o : error LNK2019: unresolved external symbol ___struct_MOD_struct_crystal_input referenced in function _call_crystal
interface.o : error LNK2019: unresolved external symbol ___grd_atomic_MOD_grda_init referenced in function _call_crystal
interface.o : error LNK2019: unresolved external symbol __gfortran_st_write referenced in function _call_crystal
interface.o : error LNK2019: unresolved external symbol ___tools_io_MOD_string_int4 referenced in function _call_crystal
interface.o : error LNK2019: unresolved external symbol __gfortran_transfer_character_write referenced in function _call_crystal
interface.o : error LNK2019: unresolved external symbol __gfortran_st_write_done referenced in function _call_crystal
interface.o : error LNK2019: unresolved external symbol ___autocp_MOD_init_cplist referenced in function _call_crystal
interface.o : error LNK2019: unresolved external symbol ___fields_MOD_fields_integrable_report referenced in function _call_crystal
interface.o : error LNK2019: unresolved external symbol ___param_MOD_param_init referenced in function _initialize
interface.o : error LNK2019: unresolved external symbol ___tools_io_MOD_ioinit referenced in function _initialize
interface.o : error LNK2019: unresolved external symbol ___tools_io_MOD_stdargs referenced in function _initialize
interface.o : error LNK2019: unresolved external symbol ___global_MOD_global_init referenced in function _initialize
interface.o : error LNK2019: unresolved external symbol ___struct_basic_MOD_struct_init referenced in function _call_crystal
interface.o : error LNK2019: unresolved external symbol ___fields_MOD_fields_init referenced in function _initialize
interface.o : error LNK2019: unresolved external symbol ___spgs_MOD_spgs_init referenced in function _initialize
interface.o : error LNK2019: unresolved external symbol ___graphics_MOD_graphics_init referenced in function _initialize
C:\499Drive\critic2\src\client\WinCompiler\Debug\WinCompiler.exe : fatal error LNK1120: 32 unresolved externals
